2025-01-09 16:34:59,485 - INFO - Starting access automation script
2025-01-09 16:34:59,485 - INFO - Sending GET request to https://lendingkart.atlassian.net/rest/api/2/search with query: project="Tools Helpdesk" AND "Request Type" = "Test" AND status="Approval Required" ORDER BY created DESC
2025-01-09 16:35:00,396 - INFO - Response Status Code: 200
2025-01-09 16:35:00,398 - INFO - Fetched 2 issues from JIRA
2025-01-09 16:35:00,403 - INFO - JIRA issues written to output.json
2025-01-09 16:35:00,404 - INFO - Processing user: Om Jain, Email: om.jain@lendingkart.com, Password: Lendingkart@321, Role: {'self': 'https://lendingkart.atlassian.net/rest/api/2/customFieldOption/12959', 'value': 'Accounts Dashboard', 'id': '12959', 'child': {'self': 'https://lendingkart.atlassian.net/rest/api/2/customFieldOption/12961', 'value': 'Accounts Read Only', 'id': '12961'}}
2025-01-09 16:35:00,711 - ERROR - Failed to add user Om Jain: 400 Client Error: Bad Request for url: https://app.lendingkart.com/admin/addUser
2025-01-09 16:35:00,711 - INFO - Processing user: Om Rupesh Jain, Email: om.jain@lendingkart.com, Password: Lendingkart@321, Role: {'self': 'https://lendingkart.atlassian.net/rest/api/2/customFieldOption/12959', 'value': 'Accounts Dashboard', 'id': '12959', 'child': {'self': 'https://lendingkart.atlassian.net/rest/api/2/customFieldOption/12961', 'value': 'Accounts Read Only', 'id': '12961'}}
2025-01-09 16:35:00,850 - ERROR - Failed to add user Om Rupesh Jain: 400 Client Error: Bad Request for url: https://app.lendingkart.com/admin/addUser
2025-01-09 16:35:00,851 - INFO - Access automation script completed
2025-01-09 16:37:22,506 - INFO - Starting access automation script
2025-01-09 16:37:22,506 - INFO - Sending GET request to https://lendingkart.atlassian.net/rest/api/2/search with query: project="Tools Helpdesk" AND "Request Type" = "Test" AND status="Approval Required" ORDER BY created DESC
2025-01-09 16:37:22,928 - INFO - Response Status Code: 200
2025-01-09 16:37:22,928 - INFO - Fetched 2 issues from JIRA
2025-01-09 16:37:22,929 - INFO - JIRA issues written to output.json
2025-01-09 16:37:22,929 - INFO - Processing user: Om Jain, Email: om.jain@lendingkart.com, Password: Lendingkart@321, Role: {'self': 'https://lendingkart.atlassian.net/rest/api/2/customFieldOption/12959', 'value': 'Accounts Dashboard', 'id': '12959', 'child': {'self': 'https://lendingkart.atlassian.net/rest/api/2/customFieldOption/12961', 'value': 'Accounts Read Only', 'id': '12961'}}
2025-01-09 16:37:23,101 - ERROR - Failed to add user Om Jain: 400 Client Error: Bad Request for url: https://app.lendingkart.com/admin/addUser
2025-01-09 16:37:23,101 - INFO - Processing user: Om Rupesh Jain, Email: om.jain@lendingkart.com, Password: Lendingkart@321, Role: {'self': 'https://lendingkart.atlassian.net/rest/api/2/customFieldOption/12959', 'value': 'Accounts Dashboard', 'id': '12959', 'child': {'self': 'https://lendingkart.atlassian.net/rest/api/2/customFieldOption/12961', 'value': 'Accounts Read Only', 'id': '12961'}}
2025-01-09 16:37:23,242 - ERROR - Failed to add user Om Rupesh Jain: 400 Client Error: Bad Request for url: https://app.lendingkart.com/admin/addUser
2025-01-09 16:37:23,243 - INFO - Access automation script completed
2025-01-09 16:43:57,604 - INFO - Starting access automation script
2025-01-09 16:43:57,604 - INFO - Sending GET request to https://lendingkart.atlassian.net/rest/api/2/search with query: project="Tools Helpdesk" AND "Request Type" = "Test" AND status="Approval Required" ORDER BY created DESC
2025-01-09 16:43:58,111 - INFO - Response Status Code: 400
2025-01-09 16:43:58,111 - ERROR - Failed to fetch JIRA issues: 400 Client Error: Bad Request for url: https://lendingkart.atlassian.net/rest/api/2/search?jql=project%3D%22Tools+Helpdesk%22+AND+%22Request+Type%22+%3D+%22Test%22+AND+status%3D%22Approval+Required%22+ORDER+BY+created+DESC&fields=customfield_12528%2Ccustomfield_12420%2Ccustomfield_12477%2Ccustomfield_12529%2Ccustomfield_12529
2025-01-09 16:43:58,112 - INFO - No issues found.
2025-01-09 16:44:25,309 - INFO - Starting access automation script
2025-01-09 16:44:25,309 - INFO - Sending GET request to https://lendingkart.atlassian.net/rest/api/2/search with query: project="Tools Helpdesk" AND "Request Type" = "Test" AND status="Approval Required" ORDER BY created DESC
2025-01-09 16:44:25,724 - INFO - Response Status Code: 200
2025-01-09 16:44:25,724 - INFO - Fetched 2 issues from JIRA
2025-01-09 16:44:25,726 - INFO - JIRA issues written to output.json
2025-01-09 16:44:25,727 - INFO - Processing user: Om Jain, Email: om.jain@lendingkart.com, Password: Lendingkart@321, Role: {'self': 'https://lendingkart.atlassian.net/rest/api/2/customFieldOption/12959', 'value': 'Accounts Dashboard', 'id': '12959', 'child': {'self': 'https://lendingkart.atlassian.net/rest/api/2/customFieldOption/12961', 'value': 'Accounts Read Only', 'id': '12961'}}
2025-01-09 16:44:25,960 - ERROR - Failed to add user Om Jain: 400 Client Error: Bad Request for url: https://app.lendingkart.com/admin/addUser
2025-01-09 16:44:25,961 - INFO - Processing user: Om Rupesh Jain, Email: om.jain@lendingkart.com, Password: Lendingkart@321, Role: {'self': 'https://lendingkart.atlassian.net/rest/api/2/customFieldOption/12959', 'value': 'Accounts Dashboard', 'id': '12959', 'child': {'self': 'https://lendingkart.atlassian.net/rest/api/2/customFieldOption/12961', 'value': 'Accounts Read Only', 'id': '12961'}}
2025-01-09 16:44:26,196 - ERROR - Failed to add user Om Rupesh Jain: 400 Client Error: Bad Request for url: https://app.lendingkart.com/admin/addUser
2025-01-09 16:44:26,197 - INFO - Access automation script completed
2025-01-10 10:56:40,784 - INFO - Starting access automation script
2025-01-10 10:56:40,784 - INFO - Sending GET request to https://lendingkart.atlassian.net/rest/api/2/search with query: project="Tools Helpdesk" AND "Request Type" = "Test" AND status="Approval Required" ORDER BY created DESC
2025-01-10 10:56:41,623 - INFO - Response Status Code: 200
2025-01-10 10:56:41,624 - INFO - Fetched 2 issues from JIRA
2025-01-10 10:56:41,626 - INFO - JIRA issues written to output.json
2025-01-10 10:56:41,626 - INFO - Processing user: Om Jain, Email: om.jain@lendingkart.com, Password: Lendingkart@321, Role: {'self': 'https://lendingkart.atlassian.net/rest/api/2/customFieldOption/12959', 'value': 'Accounts Dashboard', 'id': '12959', 'child': {'self': 'https://lendingkart.atlassian.net/rest/api/2/customFieldOption/12961', 'value': 'Accounts Read Only', 'id': '12961'}}
2025-01-10 10:56:42,097 - ERROR - Failed to add user Om Jain: 400 Client Error: Bad Request for url: https://app.lendingkart.com/admin/addUser
2025-01-10 10:56:42,098 - INFO - Processing user: Om Rupesh Jain, Email: om.jain@lendingkart.com, Password: Lendingkart@321, Role: {'self': 'https://lendingkart.atlassian.net/rest/api/2/customFieldOption/12959', 'value': 'Accounts Dashboard', 'id': '12959', 'child': {'self': 'https://lendingkart.atlassian.net/rest/api/2/customFieldOption/12961', 'value': 'Accounts Read Only', 'id': '12961'}}
2025-01-10 10:56:42,831 - ERROR - Failed to add user Om Rupesh Jain: 400 Client Error: Bad Request for url: https://app.lendingkart.com/admin/addUser
2025-01-10 10:56:42,832 - INFO - Access automation script completed
